Using pre-set license
Built from '6000.0/staging' branch; Version is '6000.0.33f1 (433b0a79340b) revision 4406026'; Using compiler version '193933523'; Build Type 'Release'
OS: 'Windows 11  (10.0.26100) 64bit Core' Language: 'en' Physical Memory: 32469 MB
BatchMode: 1, IsHumanControllingUs: 0, StartBugReporterOnCrash: 0, Is64bit: 1, IsPro: 1

COMMAND LINE ARGUMENTS:
C:\Program Files\Unity\Hub\Editor\6000.0.33f1\Editor\Unity.exe
-adb2
-batchMode
-noUpm
-name
AssetImportWorker12
-projectPath
C:/Dima/Projects/Citadel_Siege_Reforged/Citadel Siege Reforged
-logFile
Logs/AssetImportWorker12.log
-srvPort
58726
-job-worker-count
15
-background-job-worker-count
8
-gc-helper-count
1
Successfully changed project path to: C:/Dima/Projects/Citadel_Siege_Reforged/Citadel Siege Reforged
C:/Dima/Projects/Citadel_Siege_Reforged/Citadel Siege Reforged
[UnityMemory] Configuration Parameters - Can be set up in boot.config
    "memorysetup-bucket-allocator-granularity=16"
    "memorysetup-bucket-allocator-bucket-count=8"
    "memorysetup-bucket-allocator-block-size=33554432"
    "memorysetup-bucket-allocator-block-count=8"
    "memorysetup-main-allocator-block-size=16777216"
    "memorysetup-thread-allocator-block-size=16777216"
    "memorysetup-gfx-main-allocator-block-size=16777216"
    "memorysetup-gfx-thread-allocator-block-size=16777216"
    "memorysetup-cache-allocator-block-size=4194304"
    "memorysetup-typetree-allocator-block-size=2097152"
    "memorysetup-profiler-bucket-allocator-granularity=16"
    "memorysetup-profiler-bucket-allocator-bucket-count=8"
    "memorysetup-profiler-bucket-allocator-block-size=33554432"
    "memorysetup-profiler-bucket-allocator-block-count=8"
    "memorysetup-profiler-allocator-block-size=16777216"
    "memorysetup-profiler-editor-allocator-block-size=1048576"
    "memorysetup-temp-allocator-size-main=16777216"
    "memorysetup-job-temp-allocator-block-size=2097152"
    "memorysetup-job-temp-allocator-block-size-background=1048576"
    "memorysetup-job-temp-allocator-reduction-small-platforms=262144"
    "memorysetup-allocator-temp-initial-block-size-main=262144"
    "memorysetup-allocator-temp-initial-block-size-worker=262144"
    "memorysetup-temp-allocator-size-background-worker=32768"
    "memorysetup-temp-allocator-size-job-worker=262144"
    "memorysetup-temp-allocator-size-preload-manager=33554432"
    "memorysetup-temp-allocator-size-nav-mesh-worker=65536"
    "memorysetup-temp-allocator-size-audio-worker=65536"
    "memorysetup-temp-allocator-size-cloud-worker=32768"
    "memorysetup-temp-allocator-size-gi-baking-worker=262144"
    "memorysetup-temp-allocator-size-gi-baking-worker=262144"
    "memorysetup-temp-allocator-size-gi-baking-worker=262144"
    "memorysetup-temp-allocator-size-gi-baking-worker=262144"
    "memorysetup-temp-allocator-size-gi-baking-worker=262144"
    "memorysetup-temp-allocator-size-gfx=262144"
Player connection [26980]  Target information:

Player connection [26980]  * "[IP] 192.168.178.179 [Port] 0 [Flags] 2 [Guid] 2035747676 [EditorId] 2035747676 [Version] 1048832 [Id] WindowsEditor(7,MSI) [Debug] 1 [PackageName] WindowsEditor [ProjectName] Editor" 

Player connection [26980]  * "[IP] 10.2.0.2 [Port] 0 [Flags] 2 [Guid] 2035747676 [EditorId] 2035747676 [Version] 1048832 [Id] WindowsEditor(7,MSI) [Debug] 1 [PackageName] WindowsEditor [ProjectName] Editor" 

Player connection [26980] Host joined multi-casting on [225.0.0.222:54997]...
Player connection [26980] Host joined alternative multi-casting on [225.0.0.222:34997]...
JobSystem: Creating JobQueue using job-worker-count value 15
[Physics::Module] Initialized fallback backend.
[Physics::Module] Id: 0xdecafbad
Library Redirect Path: Library/
[Physics::Module] Selected backend.
[Physics::Module] Name: PhysX
[Physics::Module] Id: 0xf2b8ea05
[Physics::Module] SDK Version: 4.1.2
[Physics::Module] Integration Version: 1.0.0
[Physics::Module] Threading Mode: Multi-Threaded
Refreshing native plugins compatible for Editor in 1.39 ms, found 3 plugins.
Preloading 0 native plugins for Editor in 0.00 ms.
Initialize engine version: 6000.0.33f1 (433b0a79340b)
[Subsystems] Discovering subsystems at path C:/Program Files/Unity/Hub/Editor/6000.0.33f1/Editor/Data/Resources/UnitySubsystems
[Subsystems] Discovering subsystems at path C:/Dima/Projects/Citadel_Siege_Reforged/Citadel Siege Reforged/Assets
GfxDevice: creating device client; kGfxThreadingModeNonThreaded
Direct3D:
    Version:  Direct3D 11.0 [level 11.1]
    Renderer: NVIDIA GeForce RTX 4080 Laptop GPU (ID=0x27a0)
    Vendor:   NVIDIA
    VRAM:     11997 MB
    Driver:   31.0.15.5188
Initialize mono
Mono path[0] = 'C:/Program Files/Unity/Hub/Editor/6000.0.33f1/Editor/Data/Managed'
Mono path[1] = 'C:/Program Files/Unity/Hub/Editor/6000.0.33f1/Editor/Data/MonoBleedingEdge/lib/mono/unityjit-win32'
Mono config path = 'C:/Program Files/Unity/Hub/Editor/6000.0.33f1/Editor/Data/MonoBleedingEdge/etc'
Using monoOptions --debugger-agent=transport=dt_socket,embedding=1,server=y,suspend=n,address=127.0.0.1:56276
Begin MonoManager ReloadAssembly
Registering precompiled unity dll's ...
Register platform support module: C:/Program Files/Unity/Hub/Editor/6000.0.33f1/Editor/Data/PlaybackEngines/WindowsStandaloneSupport/UnityEditor.WindowsStandalone.Extensions.dll
Register platform support module: C:/Program Files/Unity/Hub/Editor/6000.0.33f1/Editor/Data/PlaybackEngines/AndroidPlayer/UnityEditor.Android.Extensions.dll
Registered in 0.004036 seconds.
- Loaded All Assemblies, in  0.345 seconds
Native extension for Android target not found
Android Extension - Scanning For ADB Devices 312 ms
Native extension for WindowsStandalone target not found
Mono: successfully reloaded assembly
- Finished resetting the current domain, in  0.651 seconds
Domain Reload Profiling: 995ms
	BeginReloadAssembly (107ms)
		ExecutionOrderSort (0ms)
		DisableScriptedObjects (0ms)
		BackupInstance (0ms)
		ReleaseScriptingObjects (0ms)
		CreateAndSetChildDomain (1ms)
	RebuildCommonClasses (32ms)
	RebuildNativeTypeToScriptingClass (13ms)
	initialDomainReloadingComplete (51ms)
	LoadAllAssembliesAndSetupDomain (141ms)
		LoadAssemblies (104ms)
		RebuildTransferFunctionScriptingTraits (0ms)
		AnalyzeDomain (138ms)
			TypeCache.Refresh (137ms)
				TypeCache.ScanAssembly (122ms)
			BuildScriptInfoCaches (0ms)
			ResolveRequiredComponents (0ms)
	FinalizeReload (652ms)
		ReleaseScriptCaches (0ms)
		RebuildScriptCaches (0ms)
		SetupLoadedEditorAssemblies (616ms)
			LogAssemblyErrors (0ms)
			InitializePlatformSupportModulesInManaged (405ms)
			SetLoadedEditorAssemblies (4ms)
			BeforeProcessingInitializeOnLoad (51ms)
			ProcessInitializeOnLoadAttributes (103ms)
			ProcessInitializeOnLoadMethodAttributes (53ms)
			AfterProcessingInitializeOnLoad (0ms)
			EditorAssembliesLoaded (0ms)
		ExecutionOrderSort2 (0ms)
		AwakeInstancesAfterBackupRestoration (0ms)
========================================================================
Worker process is ready to serve import requests
Import Worker Mode flag is 0x00
Begin MonoManager ReloadAssembly
- Loaded All Assemblies, in  0.646 seconds
Refreshing native plugins compatible for Editor in 1.27 ms, found 3 plugins.
Native extension for Android target not found
Native extension for WindowsStandalone target not found
Mono: successfully reloaded assembly
- Finished resetting the current domain, in  0.531 seconds
Domain Reload Profiling: 1173ms
	BeginReloadAssembly (161ms)
		ExecutionOrderSort (0ms)
		DisableScriptedObjects (5ms)
		BackupInstance (0ms)
		ReleaseScriptingObjects (0ms)
		CreateAndSetChildDomain (30ms)
	RebuildCommonClasses (33ms)
	RebuildNativeTypeToScriptingClass (13ms)
	initialDomainReloadingComplete (35ms)
	LoadAllAssembliesAndSetupDomain (399ms)
		LoadAssemblies (290ms)
		RebuildTransferFunctionScriptingTraits (0ms)
		AnalyzeDomain (205ms)
			TypeCache.Refresh (155ms)
				TypeCache.ScanAssembly (140ms)
			BuildScriptInfoCaches (44ms)
			ResolveRequiredComponents (4ms)
	FinalizeReload (532ms)
		ReleaseScriptCaches (0ms)
		RebuildScriptCaches (0ms)
		SetupLoadedEditorAssemblies (423ms)
			LogAssemblyErrors (0ms)
			InitializePlatformSupportModulesInManaged (12ms)
			SetLoadedEditorAssemblies (4ms)
			BeforeProcessingInitializeOnLoad (75ms)
			ProcessInitializeOnLoadAttributes (297ms)
			ProcessInitializeOnLoadMethodAttributes (28ms)
			AfterProcessingInitializeOnLoad (7ms)
			EditorAssembliesLoaded (0ms)
		ExecutionOrderSort2 (0ms)
		AwakeInstancesAfterBackupRestoration (5ms)
Launched and connected shader compiler UnityShaderCompiler.exe after 0.01 seconds
Refreshing native plugins compatible for Editor in 0.92 ms, found 3 plugins.
Preloading 0 native plugins for Editor in 0.00 ms.
Unloading 8 Unused Serialized files (Serialized files now loaded: 0)
Unloading 3706 unused Assets / (0.8 MB). Loaded Objects now: 4195.
Memory consumption went from 84.4 MB to 83.6 MB.
Total: 4.684400 ms (FindLiveObjects: 0.493100 ms CreateObjectMapping: 0.188800 ms MarkObjects: 3.216100 ms  DeleteObjects: 0.785400 ms)

========================================================================
Received Import Request.
  Time since last request: 420570.585312 seconds.
  path: Assets/IgnorePushing/Toony Tiny Assets/prefabs/TT_Light_Cavalry.prefab
  artifactKey: Guid(4e3c7da5fb6ce5a47a0a7dbc18b843c6) Importer(2089858483,192608db42251d675da83286b1cce702)
Start importing Assets/IgnorePushing/Toony Tiny Assets/prefabs/TT_Light_Cavalry.prefab using Guid(4e3c7da5fb6ce5a47a0a7dbc18b843c6) Importer(2089858483,192608db42251d675da83286b1cce702) (ScriptedImporter) -> (artifact id: 'a5db59ab0f20b37c1007975b9a061193') in 0.1225175 seconds
Number of updated asset objects reloaded before import = 0Number of asset objects unloaded after import = 1152

========================================================================
Received Import Request.
  Time since last request: 0.000023 seconds.
  path: Assets/IgnorePushing/Toony Tiny Assets/models/extras/heads/Head_05c.FBX
  artifactKey: Guid(7369cc9574777854fbc755011f40364a) Importer(2089858483,192608db42251d675da83286b1cce702)
Start importing Assets/IgnorePushing/Toony Tiny Assets/models/extras/heads/Head_05c.FBX using Guid(7369cc9574777854fbc755011f40364a) Importer(2089858483,192608db42251d675da83286b1cce702) (ScriptedImporter) -> (artifact id: '23488718a0b14230830a98054b6218cb') in 0.041486 seconds
Number of updated asset objects reloaded before import = 0Number of asset objects unloaded after import = 8

========================================================================
Received Import Request.
  Time since last request: 0.000012 seconds.
  path: Assets/IgnorePushing/Toony Tiny Assets/models/extras/heads/Head_02e.FBX
  artifactKey: Guid(16e34573d5d967a4d9112b994818f6e5) Importer(2089858483,192608db42251d675da83286b1cce702)
Start importing Assets/IgnorePushing/Toony Tiny Assets/models/extras/heads/Head_02e.FBX using Guid(16e34573d5d967a4d9112b994818f6e5) Importer(2089858483,192608db42251d675da83286b1cce702) (ScriptedImporter) -> (artifact id: 'fa4baab4f07b312b737f58bd494dde88') in 0.0158248 seconds
Number of updated asset objects reloaded before import = 0Number of asset objects unloaded after import = 8

========================================================================
Received Import Request.
  Time since last request: 0.000014 seconds.
  path: Assets/IgnorePushing/Toony Tiny Assets/models/extras/heads/Head_08b.FBX
  artifactKey: Guid(f8189f4ddd564a240855ac4c117f35ea) Importer(2089858483,192608db42251d675da83286b1cce702)
Start importing Assets/IgnorePushing/Toony Tiny Assets/models/extras/heads/Head_08b.FBX using Guid(f8189f4ddd564a240855ac4c117f35ea) Importer(2089858483,192608db42251d675da83286b1cce702) (ScriptedImporter) -> (artifact id: 'df6020b85b5949f587c6924f2262b88a') in 0.0181854 seconds
Number of updated asset objects reloaded before import = 0Number of asset objects unloaded after import = 8

========================================================================
Received Import Request.
  Time since last request: 0.000021 seconds.
  path: Assets/IgnorePushing/Toony Tiny Assets/models/extras/heads/Head_06f.FBX
  artifactKey: Guid(c7a1c4786d1976b4c8be25598b6ac098) Importer(2089858483,192608db42251d675da83286b1cce702)
Start importing Assets/IgnorePushing/Toony Tiny Assets/models/extras/heads/Head_06f.FBX using Guid(c7a1c4786d1976b4c8be25598b6ac098) Importer(2089858483,192608db42251d675da83286b1cce702) (ScriptedImporter) -> (artifact id: '5ad0b366d6816df1dc9a9108347b7343') in 0.0155027 seconds
Number of updated asset objects reloaded before import = 0Number of asset objects unloaded after import = 8

========================================================================
Received Import Request.
  Time since last request: 0.000022 seconds.
  path: Assets/IgnorePushing/Toony Tiny Assets/models/buildings/construction/Workshop_0.FBX
  artifactKey: Guid(4f825c353b2346344a464e665e8a8f59) Importer(2089858483,192608db42251d675da83286b1cce702)
Start importing Assets/IgnorePushing/Toony Tiny Assets/models/buildings/construction/Workshop_0.FBX using Guid(4f825c353b2346344a464e665e8a8f59) Importer(2089858483,192608db42251d675da83286b1cce702) (ScriptedImporter) -> (artifact id: '47d394f1bc1a54ea9c585898d498b501') in 0.0181172 seconds
Number of updated asset objects reloaded before import = 0Number of asset objects unloaded after import = 8

========================================================================
Received Import Request.
  Time since last request: 0.000014 seconds.
  path: Assets/IgnorePushing/Toony Tiny Assets/models/extras/heads/Head_08g.FBX
  artifactKey: Guid(6fae050828f4eae498c9b78cc6d6379f) Importer(2089858483,192608db42251d675da83286b1cce702)
Start importing Assets/IgnorePushing/Toony Tiny Assets/models/extras/heads/Head_08g.FBX using Guid(6fae050828f4eae498c9b78cc6d6379f) Importer(2089858483,192608db42251d675da83286b1cce702) (ScriptedImporter) -> (artifact id: '0e863b4e09a8a256774404397f8b033e') in 0.016062 seconds
Number of updated asset objects reloaded before import = 0Number of asset objects unloaded after import = 8

========================================================================
Received Import Request.
  Time since last request: 0.000017 seconds.
  path: Assets/IgnorePushing/Toony Tiny Assets/models/extras/heads/Head_07b.FBX
  artifactKey: Guid(113e78259b4e3ee4c91ffa7bc3276d10) Importer(2089858483,192608db42251d675da83286b1cce702)
Start importing Assets/IgnorePushing/Toony Tiny Assets/models/extras/heads/Head_07b.FBX using Guid(113e78259b4e3ee4c91ffa7bc3276d10) Importer(2089858483,192608db42251d675da83286b1cce702) (ScriptedImporter) -> (artifact id: 'c1aa98dfc6a8aadd33e8b5664052dac8') in 0.0153682 seconds
Number of updated asset objects reloaded before import = 0Number of asset objects unloaded after import = 8

========================================================================
Received Import Request.
  Time since last request: 0.241942 seconds.
  path: Assets/IgnorePushing/Toony Tiny Assets/models/extras/heads/Head_12d.FBX
  artifactKey: Guid(55b9af5ca29f15848959d9ff9ed8777b) Importer(2089858483,192608db42251d675da83286b1cce702)
Start importing Assets/IgnorePushing/Toony Tiny Assets/models/extras/heads/Head_12d.FBX using Guid(55b9af5ca29f15848959d9ff9ed8777b) Importer(2089858483,192608db42251d675da83286b1cce702) (ScriptedImporter) -> (artifact id: '7ac4988f6464d5b18aed07a8d250cb32') in 0.0224512 seconds
Number of updated asset objects reloaded before import = 0Number of asset objects unloaded after import = 8

========================================================================
Received Import Request.
  Time since last request: 0.000082 seconds.
  path: Assets/IgnorePushing/Toony Tiny Assets/models/extras/weapons/w_recurve_bow.FBX
  artifactKey: Guid(6304cf70aa6951f4ab3b26065db2b934) Importer(2089858483,192608db42251d675da83286b1cce702)
Start importing Assets/IgnorePushing/Toony Tiny Assets/models/extras/weapons/w_recurve_bow.FBX using Guid(6304cf70aa6951f4ab3b26065db2b934) Importer(2089858483,192608db42251d675da83286b1cce702) (ScriptedImporter) -> (artifact id: '33db551b63cd1b955da4181bea10de5e') in 0.0189893 seconds
Number of updated asset objects reloaded before import = 0Number of asset objects unloaded after import = 8

========================================================================
Received Import Request.
  Time since last request: 0.000033 seconds.
  path: Assets/IgnorePushing/Toony Tiny Assets/models/materials/color/TT_RTS_Buildings_ColorGenerator.psd
  artifactKey: Guid(32e4d26a87db84f4b9cc4902d9bf896d) Importer(2089858483,192608db42251d675da83286b1cce702)
Start importing Assets/IgnorePushing/Toony Tiny Assets/models/materials/color/TT_RTS_Buildings_ColorGenerator.psd using Guid(32e4d26a87db84f4b9cc4902d9bf896d) Importer(2089858483,192608db42251d675da83286b1cce702) (ScriptedImporter) -> (artifact id: 'a7a0c5f5e70bf4dc095dbd9731045cf9') in 0.0437002 seconds
Number of updated asset objects reloaded before import = 0Number of asset objects unloaded after import = 1

========================================================================
Received Import Request.
  Time since last request: 0.000255 seconds.
  path: Assets/IgnorePushing/Toony Tiny Assets/models/extras/weapons/w_broad_sword_B.FBX
  artifactKey: Guid(67af3f8b6200770439919bdf2be2b856) Importer(2089858483,192608db42251d675da83286b1cce702)
Start importing Assets/IgnorePushing/Toony Tiny Assets/models/extras/weapons/w_broad_sword_B.FBX using Guid(67af3f8b6200770439919bdf2be2b856) Importer(2089858483,192608db42251d675da83286b1cce702) (ScriptedImporter) -> (artifact id: '6992808ed1162a155ce8fc4ad9b6f611') in 0.0196809 seconds
Number of updated asset objects reloaded before import = 0Number of asset objects unloaded after import = 8

========================================================================
Received Import Request.
  Time since last request: 0.000133 seconds.
  path: Assets/IgnorePushing/Toony Tiny Assets/models/extras/weapons/w_hammer.FBX
  artifactKey: Guid(5d9f0a57a29a0df43bf74404297425e0) Importer(2089858483,192608db42251d675da83286b1cce702)
Start importing Assets/IgnorePushing/Toony Tiny Assets/models/extras/weapons/w_hammer.FBX using Guid(5d9f0a57a29a0df43bf74404297425e0) Importer(2089858483,192608db42251d675da83286b1cce702) (ScriptedImporter) -> (artifact id: 'f213da0c1713326c10838d8d41f35722') in 0.0178927 seconds
Number of updated asset objects reloaded before import = 0Number of asset objects unloaded after import = 8

========================================================================
Received Import Request.
  Time since last request: 0.000085 seconds.
  path: Assets/IgnorePushing/Toony Tiny Assets/models/extras/weapons/w_TH_claymore.FBX
  artifactKey: Guid(da5b3b40cc67f6b41b01ba6a7eb61763) Importer(2089858483,192608db42251d675da83286b1cce702)
Start importing Assets/IgnorePushing/Toony Tiny Assets/models/extras/weapons/w_TH_claymore.FBX using Guid(da5b3b40cc67f6b41b01ba6a7eb61763) Importer(2089858483,192608db42251d675da83286b1cce702) (ScriptedImporter) -> (artifact id: '1bd79f3ba3ab7cf5d12274852468563c') in 0.0181391 seconds
Number of updated asset objects reloaded before import = 0Number of asset objects unloaded after import = 8

========================================================================
Received Import Request.
  Time since last request: 0.000013 seconds.
  path: Assets/IgnorePushing/Toony Tiny Assets/models/extras/weapons/shield_19.FBX
  artifactKey: Guid(3f119e251c4572349a1c65613daffc68) Importer(2089858483,192608db42251d675da83286b1cce702)
Start importing Assets/IgnorePushing/Toony Tiny Assets/models/extras/weapons/shield_19.FBX using Guid(3f119e251c4572349a1c65613daffc68) Importer(2089858483,192608db42251d675da83286b1cce702) (ScriptedImporter) -> (artifact id: 'ddb7518f5def4abbe01e605234996fbd') in 0.0187647 seconds
Number of updated asset objects reloaded before import = 0Number of asset objects unloaded after import = 8

========================================================================
Received Import Request.
  Time since last request: 0.000016 seconds.
  path: Assets/IgnorePushing/Toony Tiny Assets/models/extras/weapons/shield_02.FBX
  artifactKey: Guid(3c88e84e208c1844aba030e3fddc3722) Importer(2089858483,192608db42251d675da83286b1cce702)
Start importing Assets/IgnorePushing/Toony Tiny Assets/models/extras/weapons/shield_02.FBX using Guid(3c88e84e208c1844aba030e3fddc3722) Importer(2089858483,192608db42251d675da83286b1cce702) (ScriptedImporter) -> (artifact id: 'bf3943be5cda7477a3dccd4d3a2bb5f4') in 0.0192349 seconds
Number of updated asset objects reloaded before import = 0Number of asset objects unloaded after import = 8

========================================================================
Received Import Request.
  Time since last request: 0.000019 seconds.
  path: Assets/IgnorePushing/Toony Tiny Assets/models/extras/weapons/w_TH_maul.FBX
  artifactKey: Guid(5a8a86cfab125f94d947011de10b269d) Importer(2089858483,192608db42251d675da83286b1cce702)
Start importing Assets/IgnorePushing/Toony Tiny Assets/models/extras/weapons/w_TH_maul.FBX using Guid(5a8a86cfab125f94d947011de10b269d) Importer(2089858483,192608db42251d675da83286b1cce702) (ScriptedImporter) -> (artifact id: '5a081f44d9d989073c8c4c7f92de4478') in 0.0172726 seconds
Number of updated asset objects reloaded before import = 0Number of asset objects unloaded after import = 8

========================================================================
Received Import Request.
  Time since last request: 0.000014 seconds.
  path: Assets/IgnorePushing/Toony Tiny Assets/models/extras/projectiles/Bolt_lvl3.FBX
  artifactKey: Guid(3518a6585162c0f4b93956b8ef2e72a0) Importer(2089858483,192608db42251d675da83286b1cce702)
Start importing Assets/IgnorePushing/Toony Tiny Assets/models/extras/projectiles/Bolt_lvl3.FBX using Guid(3518a6585162c0f4b93956b8ef2e72a0) Importer(2089858483,192608db42251d675da83286b1cce702) (ScriptedImporter) -> (artifact id: '593f45a846ce0797bdfcc2f506e7cff8') in 0.0161551 seconds
Number of updated asset objects reloaded before import = 0Number of asset objects unloaded after import = 8

========================================================================
Received Import Request.
  Time since last request: 0.278440 seconds.
  path: Assets/IgnorePushing/Toony Tiny Assets/models/extras/banners/animation/banner_fall.FBX
  artifactKey: Guid(bb72e88c1bba4c14c817d55cb1a0da5f) Importer(2089858483,192608db42251d675da83286b1cce702)
Start importing Assets/IgnorePushing/Toony Tiny Assets/models/extras/banners/animation/banner_fall.FBX using Guid(bb72e88c1bba4c14c817d55cb1a0da5f) Importer(2089858483,192608db42251d675da83286b1cce702) (ScriptedImporter) -> (artifact id: 'b6312c2b300cd3a15be1c443d3723622') in 0.0353178 seconds
Number of updated asset objects reloaded before import = 0Number of asset objects unloaded after import = 15

========================================================================
Received Import Request.
  Time since last request: 0.000017 seconds.
  path: Assets/IgnorePushing/Toony Tiny Assets/models/materials/color/Buildings/textures/TT_RTS_Buildings_greenB.tga
  artifactKey: Guid(bc91718fd46c20f40b05303191508047) Importer(2089858483,192608db42251d675da83286b1cce702)
Start importing Assets/IgnorePushing/Toony Tiny Assets/models/materials/color/Buildings/textures/TT_RTS_Buildings_greenB.tga using Guid(bc91718fd46c20f40b05303191508047) Importer(2089858483,192608db42251d675da83286b1cce702) (ScriptedImporter) -> (artifact id: '379a7b09a9ffe0747423948d7451ecba') in 0.0186515 seconds
Number of updated asset objects reloaded before import = 0Number of asset objects unloaded after import = 1

========================================================================
Received Import Request.
  Time since last request: 0.000109 seconds.
  path: Assets/IgnorePushing/Toony Tiny Assets/models/extras/banners/materials/colors/TT_RTS_Banner_Purple.tga
  artifactKey: Guid(bdb6851450208a64c80959e7c7c2b2f8) Importer(2089858483,192608db42251d675da83286b1cce702)
Start importing Assets/IgnorePushing/Toony Tiny Assets/models/extras/banners/materials/colors/TT_RTS_Banner_Purple.tga using Guid(bdb6851450208a64c80959e7c7c2b2f8) Importer(2089858483,192608db42251d675da83286b1cce702) (ScriptedImporter) -> (artifact id: 'd29e340aca5c111ad654514c307dcc9c') in 0.017948 seconds
Number of updated asset objects reloaded before import = 0Number of asset objects unloaded after import = 1

========================================================================
Received Import Request.
  Time since last request: 0.000064 seconds.
  path: Assets/IgnorePushing/Toony Tiny Assets/models/materials/color/Buildings/TT_RTS_buildings_blueB.mat
  artifactKey: Guid(eb5db199f9db9ec46ad189ea2f8dd9b1) Importer(2089858483,192608db42251d675da83286b1cce702)
Start importing Assets/IgnorePushing/Toony Tiny Assets/models/materials/color/Buildings/TT_RTS_buildings_blueB.mat using Guid(eb5db199f9db9ec46ad189ea2f8dd9b1) Importer(2089858483,192608db42251d675da83286b1cce702) (ScriptedImporter) -> (artifact id: '14e106d08a60c41b972b596463074ddb') in 0.018137 seconds
Number of updated asset objects reloaded before import = 0Number of asset objects unloaded after import = 2

========================================================================
Received Import Request.
  Time since last request: 0.000014 seconds.
  path: Assets/IgnorePushing/Toony Tiny Assets/models/extras/banners/materials/colors/TT_Banner_white.mat
  artifactKey: Guid(d8f2803cee1a9c4478c93d1858cc5037) Importer(2089858483,192608db42251d675da83286b1cce702)
Start importing Assets/IgnorePushing/Toony Tiny Assets/models/extras/banners/materials/colors/TT_Banner_white.mat using Guid(d8f2803cee1a9c4478c93d1858cc5037) Importer(2089858483,192608db42251d675da83286b1cce702) (ScriptedImporter) -> (artifact id: 'cdf8cd8edddf7ae3abaecc7f623e3727') in 0.0120689 seconds
Number of updated asset objects reloaded before import = 0Number of asset objects unloaded after import = 2

========================================================================
Received Import Request.
  Time since last request: 0.000014 seconds.
  path: Assets/IgnorePushing/Toony Tiny Assets/models/extras/banners/materials/colors/TT_Banner_orange.mat
  artifactKey: Guid(916f77efb964ce541b5645a874950137) Importer(2089858483,192608db42251d675da83286b1cce702)
Start importing Assets/IgnorePushing/Toony Tiny Assets/models/extras/banners/materials/colors/TT_Banner_orange.mat using Guid(916f77efb964ce541b5645a874950137) Importer(2089858483,192608db42251d675da83286b1cce702) (ScriptedImporter) -> (artifact id: '5a8fa37138bda28d4c7bff4fa6159986') in 0.011476 seconds
Number of updated asset objects reloaded before import = 0Number of asset objects unloaded after import = 2

========================================================================
Received Import Request.
  Time since last request: 0.000015 seconds.
  path: Assets/IgnorePushing/Toony Tiny Assets/models/extras/banners/materials/colors/TT_RTS_Banner_Blue_B.tga
  artifactKey: Guid(073238b900144d04c9dd1b9675b764f7) Importer(2089858483,192608db42251d675da83286b1cce702)
Start importing Assets/IgnorePushing/Toony Tiny Assets/models/extras/banners/materials/colors/TT_RTS_Banner_Blue_B.tga using Guid(073238b900144d04c9dd1b9675b764f7) Importer(2089858483,192608db42251d675da83286b1cce702) (ScriptedImporter) -> (artifact id: 'f38a1b49ac377615ff4d8a12d49d10f8') in 0.0185013 seconds
Number of updated asset objects reloaded before import = 0Number of asset objects unloaded after import = 1

========================================================================
Received Import Request.
  Time since last request: 0.000033 seconds.
  path: Assets/IgnorePushing/Toony Tiny Assets/models/materials/color/Units/Textures/TT_RTS_Units_white.tga
  artifactKey: Guid(e8a048a6204b7924eb9a01fce96135e9) Importer(2089858483,192608db42251d675da83286b1cce702)
Start importing Assets/IgnorePushing/Toony Tiny Assets/models/materials/color/Units/Textures/TT_RTS_Units_white.tga using Guid(e8a048a6204b7924eb9a01fce96135e9) Importer(2089858483,192608db42251d675da83286b1cce702) (ScriptedImporter) -> (artifact id: 'ed28ba0d04d9c8d63d1725ff33e17f55') in 0.0164501 seconds
Number of updated asset objects reloaded before import = 0Number of asset objects unloaded after import = 1

========================================================================
Received Import Request.
  Time since last request: 0.000021 seconds.
  path: Assets/IgnorePushing/Toony Tiny Assets/models/extras/banners/materials/colors/TT_Banner_pink.mat
  artifactKey: Guid(067aba24957fc444ba378e645e65af1e) Importer(2089858483,192608db42251d675da83286b1cce702)
Start importing Assets/IgnorePushing/Toony Tiny Assets/models/extras/banners/materials/colors/TT_Banner_pink.mat using Guid(067aba24957fc444ba378e645e65af1e) Importer(2089858483,192608db42251d675da83286b1cce702) (ScriptedImporter) -> (artifact id: '5962e429c23bd119a1633edfaec31e00') in 0.0130954 seconds
Number of updated asset objects reloaded before import = 0Number of asset objects unloaded after import = 2

========================================================================
Received Prepare
Refreshing native plugins compatible for Editor in 2.02 ms, found 3 plugins.
Preloading 0 native plugins for Editor in 0.00 ms.
Unloading 0 Unused Serialized files (Serialized files now loaded: 0)
Unloading 3697 unused Assets / (0.9 MB). Loaded Objects now: 4197.
Memory consumption went from 83.0 MB to 82.1 MB.
Total: 4.665300 ms (FindLiveObjects: 0.299300 ms CreateObjectMapping: 0.171300 ms MarkObjects: 3.564400 ms  DeleteObjects: 0.629500 ms)

Prepare: number of updated asset objects reloaded= 0
========================================================================
Received Prepare
Begin MonoManager ReloadAssembly
- Loaded All Assemblies, in  0.542 seconds
Refreshing native plugins compatible for Editor in 2.08 ms, found 3 plugins.
Native extension for Android target not found
Native extension for WindowsStandalone target not found
Mono: successfully reloaded assembly
- Finished resetting the current domain, in  0.467 seconds
Domain Reload Profiling: 1007ms
	BeginReloadAssembly (181ms)
		ExecutionOrderSort (0ms)
		DisableScriptedObjects (4ms)
		BackupInstance (0ms)
		ReleaseScriptingObjects (0ms)
		CreateAndSetChildDomain (58ms)
	RebuildCommonClasses (25ms)
	RebuildNativeTypeToScriptingClass (9ms)
	initialDomainReloadingComplete (23ms)
	LoadAllAssembliesAndSetupDomain (302ms)
		LoadAssemblies (266ms)
		RebuildTransferFunctionScriptingTraits (0ms)
		AnalyzeDomain (120ms)
			TypeCache.Refresh (7ms)
				TypeCache.ScanAssembly (0ms)
			BuildScriptInfoCaches (105ms)
			ResolveRequiredComponents (4ms)
	FinalizeReload (468ms)
		ReleaseScriptCaches (0ms)
		RebuildScriptCaches (0ms)
		SetupLoadedEditorAssemblies (352ms)
			LogAssemblyErrors (0ms)
			InitializePlatformSupportModulesInManaged (15ms)
			SetLoadedEditorAssemblies (3ms)
			BeforeProcessingInitializeOnLoad (73ms)
			ProcessInitializeOnLoadAttributes (240ms)
			ProcessInitializeOnLoadMethodAttributes (15ms)
			AfterProcessingInitializeOnLoad (5ms)
			EditorAssembliesLoaded (0ms)
		ExecutionOrderSort2 (0ms)
		AwakeInstancesAfterBackupRestoration (5ms)
Refreshing native plugins compatible for Editor in 1.18 ms, found 3 plugins.
Preloading 0 native plugins for Editor in 0.00 ms.
Unloading 1 Unused Serialized files (Serialized files now loaded: 0)
Unloading 3704 unused Assets / (1.0 MB). Loaded Objects now: 4198.
Memory consumption went from 84.3 MB to 83.3 MB.
Total: 5.664300 ms (FindLiveObjects: 0.464100 ms CreateObjectMapping: 0.181900 ms MarkObjects: 4.098300 ms  DeleteObjects: 0.918700 ms)

Prepare: number of updated asset objects reloaded= 0
========================================================================
Received Prepare
Refreshing native plugins compatible for Editor in 1.34 ms, found 3 plugins.
Preloading 0 native plugins for Editor in 0.00 ms.
Unloading 0 Unused Serialized files (Serialized files now loaded: 0)
Unloading 3697 unused Assets / (395.1 KB). Loaded Objects now: 4198.
Memory consumption went from 84.4 MB to 84.0 MB.
Total: 4.420700 ms (FindLiveObjects: 0.303700 ms CreateObjectMapping: 0.175600 ms MarkObjects: 3.386700 ms  DeleteObjects: 0.553900 ms)

Prepare: number of updated asset objects reloaded= 1
========================================================================
Received Prepare
Begin MonoManager ReloadAssembly
- Loaded All Assemblies, in  0.448 seconds
Refreshing native plugins compatible for Editor in 0.95 ms, found 3 plugins.
Native extension for Android target not found
Native extension for WindowsStandalone target not found
Mono: successfully reloaded assembly
- Finished resetting the current domain, in  0.383 seconds
Domain Reload Profiling: 829ms
	BeginReloadAssembly (136ms)
		ExecutionOrderSort (0ms)
		DisableScriptedObjects (4ms)
		BackupInstance (0ms)
		ReleaseScriptingObjects (0ms)
		CreateAndSetChildDomain (29ms)
	RebuildCommonClasses (30ms)
	RebuildNativeTypeToScriptingClass (8ms)
	initialDomainReloadingComplete (20ms)
	LoadAllAssembliesAndSetupDomain (253ms)
		LoadAssemblies (220ms)
		RebuildTransferFunctionScriptingTraits (0ms)
		AnalyzeDomain (106ms)
			TypeCache.Refresh (8ms)
				TypeCache.ScanAssembly (0ms)
			BuildScriptInfoCaches (89ms)
			ResolveRequiredComponents (5ms)
	FinalizeReload (384ms)
		ReleaseScriptCaches (0ms)
		RebuildScriptCaches (0ms)
		SetupLoadedEditorAssemblies (304ms)
			LogAssemblyErrors (0ms)
			InitializePlatformSupportModulesInManaged (8ms)
			SetLoadedEditorAssemblies (3ms)
			BeforeProcessingInitializeOnLoad (69ms)
			ProcessInitializeOnLoadAttributes (203ms)
			ProcessInitializeOnLoadMethodAttributes (16ms)
			AfterProcessingInitializeOnLoad (4ms)
			EditorAssembliesLoaded (0ms)
		ExecutionOrderSort2 (0ms)
		AwakeInstancesAfterBackupRestoration (4ms)
Refreshing native plugins compatible for Editor in 0.99 ms, found 3 plugins.
Preloading 0 native plugins for Editor in 0.00 ms.
Unloading 0 Unused Serialized files (Serialized files now loaded: 0)
Unloading 3704 unused Assets / (0.8 MB). Loaded Objects now: 4198.
Memory consumption went from 84.2 MB to 83.4 MB.
Total: 3.855600 ms (FindLiveObjects: 0.261700 ms CreateObjectMapping: 0.159000 ms MarkObjects: 2.711600 ms  DeleteObjects: 0.722800 ms)

Prepare: number of updated asset objects reloaded= 0
Editor requested this worker to shutdown with reason: Scaling down because of idle timeout
AssetImportWorkerClient::OnTransportError - code=2 error=End of file
AssetImportWorker is now disconnected from the server
Process exiting
Exiting without the bug reporter. Application will terminate with return code 0