Using pre-set license
Built from '6000.0/staging' branch; Version is '6000.0.33f1 (433b0a79340b) revision 4406026'; Using compiler version '193933523'; Build Type 'Release'
OS: 'Windows 11  (10.0.26100) 64bit Core' Language: 'en' Physical Memory: 32469 MB
BatchMode: 1, IsHumanControllingUs: 0, StartBugReporterOnCrash: 0, Is64bit: 1, IsPro: 1

COMMAND LINE ARGUMENTS:
C:\Program Files\Unity\Hub\Editor\6000.0.33f1\Editor\Unity.exe
-adb2
-batchMode
-noUpm
-name
AssetImportWorker13
-projectPath
C:/Dima/Projects/Citadel_Siege_Reforged/Citadel Siege Reforged
-logFile
Logs/AssetImportWorker13.log
-srvPort
58726
-job-worker-count
15
-background-job-worker-count
8
-gc-helper-count
1
Successfully changed project path to: C:/Dima/Projects/Citadel_Siege_Reforged/Citadel Siege Reforged
C:/Dima/Projects/Citadel_Siege_Reforged/Citadel Siege Reforged
[UnityMemory] Configuration Parameters - Can be set up in boot.config
    "memorysetup-bucket-allocator-granularity=16"
    "memorysetup-bucket-allocator-bucket-count=8"
    "memorysetup-bucket-allocator-block-size=33554432"
    "memorysetup-bucket-allocator-block-count=8"
    "memorysetup-main-allocator-block-size=16777216"
    "memorysetup-thread-allocator-block-size=16777216"
    "memorysetup-gfx-main-allocator-block-size=16777216"
    "memorysetup-gfx-thread-allocator-block-size=16777216"
    "memorysetup-cache-allocator-block-size=4194304"
    "memorysetup-typetree-allocator-block-size=2097152"
    "memorysetup-profiler-bucket-allocator-granularity=16"
    "memorysetup-profiler-bucket-allocator-bucket-count=8"
    "memorysetup-profiler-bucket-allocator-block-size=33554432"
    "memorysetup-profiler-bucket-allocator-block-count=8"
    "memorysetup-profiler-allocator-block-size=16777216"
    "memorysetup-profiler-editor-allocator-block-size=1048576"
    "memorysetup-temp-allocator-size-main=16777216"
    "memorysetup-job-temp-allocator-block-size=2097152"
    "memorysetup-job-temp-allocator-block-size-background=1048576"
    "memorysetup-job-temp-allocator-reduction-small-platforms=262144"
    "memorysetup-allocator-temp-initial-block-size-main=262144"
    "memorysetup-allocator-temp-initial-block-size-worker=262144"
    "memorysetup-temp-allocator-size-background-worker=32768"
    "memorysetup-temp-allocator-size-job-worker=262144"
    "memorysetup-temp-allocator-size-preload-manager=33554432"
    "memorysetup-temp-allocator-size-nav-mesh-worker=65536"
    "memorysetup-temp-allocator-size-audio-worker=65536"
    "memorysetup-temp-allocator-size-cloud-worker=32768"
    "memorysetup-temp-allocator-size-gi-baking-worker=262144"
    "memorysetup-temp-allocator-size-gi-baking-worker=262144"
    "memorysetup-temp-allocator-size-gi-baking-worker=262144"
    "memorysetup-temp-allocator-size-gi-baking-worker=262144"
    "memorysetup-temp-allocator-size-gi-baking-worker=262144"
    "memorysetup-temp-allocator-size-gfx=262144"
Player connection [51324]  Target information:

Player connection [51324]  * "[IP] 192.168.178.179 [Port] 0 [Flags] 2 [Guid] 1404155865 [EditorId] 1404155865 [Version] 1048832 [Id] WindowsEditor(7,MSI) [Debug] 1 [PackageName] WindowsEditor [ProjectName] Editor" 

Player connection [51324]  * "[IP] 10.2.0.2 [Port] 0 [Flags] 2 [Guid] 1404155865 [EditorId] 1404155865 [Version] 1048832 [Id] WindowsEditor(7,MSI) [Debug] 1 [PackageName] WindowsEditor [ProjectName] Editor" 

Player connection [51324] Host joined multi-casting on [225.0.0.222:54997]...
Player connection [51324] Host joined alternative multi-casting on [225.0.0.222:34997]...
JobSystem: Creating JobQueue using job-worker-count value 15
[Physics::Module] Initialized fallback backend.
[Physics::Module] Id: 0xdecafbad
Library Redirect Path: Library/
[Physics::Module] Selected backend.
[Physics::Module] Name: PhysX
[Physics::Module] Id: 0xf2b8ea05
[Physics::Module] SDK Version: 4.1.2
[Physics::Module] Integration Version: 1.0.0
[Physics::Module] Threading Mode: Multi-Threaded
Refreshing native plugins compatible for Editor in 1.33 ms, found 3 plugins.
Preloading 0 native plugins for Editor in 0.00 ms.
Initialize engine version: 6000.0.33f1 (433b0a79340b)
[Subsystems] Discovering subsystems at path C:/Program Files/Unity/Hub/Editor/6000.0.33f1/Editor/Data/Resources/UnitySubsystems
[Subsystems] Discovering subsystems at path C:/Dima/Projects/Citadel_Siege_Reforged/Citadel Siege Reforged/Assets
GfxDevice: creating device client; kGfxThreadingModeNonThreaded
Direct3D:
    Version:  Direct3D 11.0 [level 11.1]
    Renderer: NVIDIA GeForce RTX 4080 Laptop GPU (ID=0x27a0)
    Vendor:   NVIDIA
    VRAM:     11997 MB
    Driver:   31.0.15.5188
Initialize mono
Mono path[0] = 'C:/Program Files/Unity/Hub/Editor/6000.0.33f1/Editor/Data/Managed'
Mono path[1] = 'C:/Program Files/Unity/Hub/Editor/6000.0.33f1/Editor/Data/MonoBleedingEdge/lib/mono/unityjit-win32'
Mono config path = 'C:/Program Files/Unity/Hub/Editor/6000.0.33f1/Editor/Data/MonoBleedingEdge/etc'
Using monoOptions --debugger-agent=transport=dt_socket,embedding=1,server=y,suspend=n,address=127.0.0.1:56556
Begin MonoManager ReloadAssembly
Registering precompiled unity dll's ...
Register platform support module: C:/Program Files/Unity/Hub/Editor/6000.0.33f1/Editor/Data/PlaybackEngines/WindowsStandaloneSupport/UnityEditor.WindowsStandalone.Extensions.dll
Register platform support module: C:/Program Files/Unity/Hub/Editor/6000.0.33f1/Editor/Data/PlaybackEngines/AndroidPlayer/UnityEditor.Android.Extensions.dll
Registered in 0.003291 seconds.
- Loaded All Assemblies, in  0.361 seconds
Native extension for Android target not found
Android Extension - Scanning For ADB Devices 290 ms
Native extension for WindowsStandalone target not found
Mono: successfully reloaded assembly
- Finished resetting the current domain, in  0.630 seconds
Domain Reload Profiling: 989ms
	BeginReloadAssembly (120ms)
		ExecutionOrderSort (0ms)
		DisableScriptedObjects (0ms)
		BackupInstance (0ms)
		ReleaseScriptingObjects (0ms)
		CreateAndSetChildDomain (1ms)
	RebuildCommonClasses (37ms)
	RebuildNativeTypeToScriptingClass (13ms)
	initialDomainReloadingComplete (49ms)
	LoadAllAssembliesAndSetupDomain (140ms)
		LoadAssemblies (118ms)
		RebuildTransferFunctionScriptingTraits (0ms)
		AnalyzeDomain (138ms)
			TypeCache.Refresh (136ms)
				TypeCache.ScanAssembly (126ms)
			BuildScriptInfoCaches (0ms)
			ResolveRequiredComponents (0ms)
	FinalizeReload (631ms)
		ReleaseScriptCaches (0ms)
		RebuildScriptCaches (0ms)
		SetupLoadedEditorAssemblies (600ms)
			LogAssemblyErrors (0ms)
			InitializePlatformSupportModulesInManaged (382ms)
			SetLoadedEditorAssemblies (3ms)
			BeforeProcessingInitializeOnLoad (48ms)
			ProcessInitializeOnLoadAttributes (111ms)
			ProcessInitializeOnLoadMethodAttributes (56ms)
			AfterProcessingInitializeOnLoad (0ms)
			EditorAssembliesLoaded (0ms)
		ExecutionOrderSort2 (0ms)
		AwakeInstancesAfterBackupRestoration (0ms)
========================================================================
Worker process is ready to serve import requests
Import Worker Mode flag is 0x00
Begin MonoManager ReloadAssembly
- Loaded All Assemblies, in  0.628 seconds
Refreshing native plugins compatible for Editor in 0.76 ms, found 3 plugins.
Native extension for Android target not found
Native extension for WindowsStandalone target not found
Mono: successfully reloaded assembly
- Finished resetting the current domain, in  0.548 seconds
Domain Reload Profiling: 1173ms
	BeginReloadAssembly (158ms)
		ExecutionOrderSort (0ms)
		DisableScriptedObjects (6ms)
		BackupInstance (0ms)
		ReleaseScriptingObjects (0ms)
		CreateAndSetChildDomain (29ms)
	RebuildCommonClasses (34ms)
	RebuildNativeTypeToScriptingClass (9ms)
	initialDomainReloadingComplete (35ms)
	LoadAllAssembliesAndSetupDomain (389ms)
		LoadAssemblies (288ms)
		RebuildTransferFunctionScriptingTraits (0ms)
		AnalyzeDomain (198ms)
			TypeCache.Refresh (155ms)
				TypeCache.ScanAssembly (141ms)
			BuildScriptInfoCaches (35ms)
			ResolveRequiredComponents (5ms)
	FinalizeReload (549ms)
		ReleaseScriptCaches (0ms)
		RebuildScriptCaches (0ms)
		SetupLoadedEditorAssemblies (432ms)
			LogAssemblyErrors (0ms)
			InitializePlatformSupportModulesInManaged (13ms)
			SetLoadedEditorAssemblies (3ms)
			BeforeProcessingInitializeOnLoad (69ms)
			ProcessInitializeOnLoadAttributes (317ms)
			ProcessInitializeOnLoadMethodAttributes (24ms)
			AfterProcessingInitializeOnLoad (6ms)
			EditorAssembliesLoaded (0ms)
		ExecutionOrderSort2 (0ms)
		AwakeInstancesAfterBackupRestoration (9ms)
Launched and connected shader compiler UnityShaderCompiler.exe after 0.01 seconds
Refreshing native plugins compatible for Editor in 1.03 ms, found 3 plugins.
Preloading 0 native plugins for Editor in 0.00 ms.
Unloading 8 Unused Serialized files (Serialized files now loaded: 0)
Unloading 3706 unused Assets / (1.0 MB). Loaded Objects now: 4195.
Memory consumption went from 84.4 MB to 83.5 MB.
Total: 5.465100 ms (FindLiveObjects: 0.462400 ms CreateObjectMapping: 0.167700 ms MarkObjects: 4.095100 ms  DeleteObjects: 0.738500 ms)

========================================================================
Received Import Request.
  Time since last request: 420570.572473 seconds.
  path: Assets/IgnorePushing/Toony Tiny Assets/animation/animation_infantry/Infantry/infantry_07_punch_A.FBX
  artifactKey: Guid(a07a42f1d569ff941929028916b1cb06) Importer(2089858483,192608db42251d675da83286b1cce702)
Start importing Assets/IgnorePushing/Toony Tiny Assets/animation/animation_infantry/Infantry/infantry_07_punch_A.FBX using Guid(a07a42f1d569ff941929028916b1cb06) Importer(2089858483,192608db42251d675da83286b1cce702) (ScriptedImporter) -> (artifact id: '3fa2c2414a7cc524a1c5b71c168a4de7') in 0.119964 seconds
Number of updated asset objects reloaded before import = 0Number of asset objects unloaded after import = 50

========================================================================
Received Import Request.
  Time since last request: 0.000013 seconds.
  path: Assets/IgnorePushing/Toony Tiny Assets/models/extras/heads/Head_07e.FBX
  artifactKey: Guid(5c56b80681a069741b8d918d27416cfe) Importer(2089858483,192608db42251d675da83286b1cce702)
Start importing Assets/IgnorePushing/Toony Tiny Assets/models/extras/heads/Head_07e.FBX using Guid(5c56b80681a069741b8d918d27416cfe) Importer(2089858483,192608db42251d675da83286b1cce702) (ScriptedImporter) -> (artifact id: 'b1076f14e6b297327dea253ce6f73243') in 0.0315535 seconds
Number of updated asset objects reloaded before import = 0Number of asset objects unloaded after import = 8

========================================================================
Received Import Request.
  Time since last request: 0.000129 seconds.
  path: Assets/IgnorePushing/Toony Tiny Assets/models/extras/heads/Head_11b.FBX
  artifactKey: Guid(2808b44a95e8c184c9d80c08085394ef) Importer(2089858483,192608db42251d675da83286b1cce702)
Start importing Assets/IgnorePushing/Toony Tiny Assets/models/extras/heads/Head_11b.FBX using Guid(2808b44a95e8c184c9d80c08085394ef) Importer(2089858483,192608db42251d675da83286b1cce702) (ScriptedImporter) -> (artifact id: '086f205e13c19c88d2545a9748c3beeb') in 0.016228 seconds
Number of updated asset objects reloaded before import = 0Number of asset objects unloaded after import = 8

========================================================================
Received Import Request.
  Time since last request: 0.000160 seconds.
  path: Assets/IgnorePushing/Toony Tiny Assets/models/extras/heads/Head_05a.FBX
  artifactKey: Guid(2e950450a8ca4f647acd6b2cce3083e1) Importer(2089858483,192608db42251d675da83286b1cce702)
Start importing Assets/IgnorePushing/Toony Tiny Assets/models/extras/heads/Head_05a.FBX using Guid(2e950450a8ca4f647acd6b2cce3083e1) Importer(2089858483,192608db42251d675da83286b1cce702) (ScriptedImporter) -> (artifact id: '3d2756b046fe9113695886fd4c9a3744') in 0.016973 seconds
Number of updated asset objects reloaded before import = 0Number of asset objects unloaded after import = 8

========================================================================
Received Import Request.
  Time since last request: 0.000013 seconds.
  path: Assets/IgnorePushing/Toony Tiny Assets/models/buildings/construction/Wall_B_1x1_0.FBX
  artifactKey: Guid(98633bc2a8b69fb4ab21231dddbdbf0e) Importer(2089858483,192608db42251d675da83286b1cce702)
Start importing Assets/IgnorePushing/Toony Tiny Assets/models/buildings/construction/Wall_B_1x1_0.FBX using Guid(98633bc2a8b69fb4ab21231dddbdbf0e) Importer(2089858483,192608db42251d675da83286b1cce702) (ScriptedImporter) -> (artifact id: 'b9a4eab96e09c4d920eb0c307c4878e6') in 0.0166038 seconds
Number of updated asset objects reloaded before import = 0Number of asset objects unloaded after import = 8

========================================================================
Received Import Request.
  Time since last request: 0.000023 seconds.
  path: Assets/IgnorePushing/Toony Tiny Assets/models/extras/heads/Head_08a.FBX
  artifactKey: Guid(c5ef00dc9b3daaa4694c5324ced80cdf) Importer(2089858483,192608db42251d675da83286b1cce702)
Start importing Assets/IgnorePushing/Toony Tiny Assets/models/extras/heads/Head_08a.FBX using Guid(c5ef00dc9b3daaa4694c5324ced80cdf) Importer(2089858483,192608db42251d675da83286b1cce702) (ScriptedImporter) -> (artifact id: 'a4000c0d686e528804247008bfc70382') in 0.0204952 seconds
Number of updated asset objects reloaded before import = 0Number of asset objects unloaded after import = 8

========================================================================
Received Import Request.
  Time since last request: 0.000020 seconds.
  path: Assets/IgnorePushing/Toony Tiny Assets/models/extras/heads/Head_09c.FBX
  artifactKey: Guid(a7c5b82ef902b9f41ad6d55c110b4167) Importer(2089858483,192608db42251d675da83286b1cce702)
Start importing Assets/IgnorePushing/Toony Tiny Assets/models/extras/heads/Head_09c.FBX using Guid(a7c5b82ef902b9f41ad6d55c110b4167) Importer(2089858483,192608db42251d675da83286b1cce702) (ScriptedImporter) -> (artifact id: '715601a0fcdf994407c1b854c03e4897') in 0.0170699 seconds
Number of updated asset objects reloaded before import = 0Number of asset objects unloaded after import = 8

========================================================================
Received Import Request.
  Time since last request: 0.000028 seconds.
  path: Assets/IgnorePushing/Toony Tiny Assets/models/extras/heads/Head_04d.FBX
  artifactKey: Guid(de4238ed603f2ff41869225c736e53ff) Importer(2089858483,192608db42251d675da83286b1cce702)
Start importing Assets/IgnorePushing/Toony Tiny Assets/models/extras/heads/Head_04d.FBX using Guid(de4238ed603f2ff41869225c736e53ff) Importer(2089858483,192608db42251d675da83286b1cce702) (ScriptedImporter) -> (artifact id: '86eaca77663e784d08aa1b7def228234') in 0.0177996 seconds
Number of updated asset objects reloaded before import = 0Number of asset objects unloaded after import = 8

========================================================================
Received Import Request.
  Time since last request: 0.000028 seconds.
  path: Assets/IgnorePushing/Toony Tiny Assets/models/buildings/construction/Wall_A_gate_1.FBX
  artifactKey: Guid(caa0b36c4f60f7b47a461c12cd9fe8cd) Importer(2089858483,192608db42251d675da83286b1cce702)
Start importing Assets/IgnorePushing/Toony Tiny Assets/models/buildings/construction/Wall_A_gate_1.FBX using Guid(caa0b36c4f60f7b47a461c12cd9fe8cd) Importer(2089858483,192608db42251d675da83286b1cce702) (ScriptedImporter) -> (artifact id: '0c7171dc6c9f5cfa94317e497eb4bceb') in 0.0178536 seconds
Number of updated asset objects reloaded before import = 0Number of asset objects unloaded after import = 8

========================================================================
Received Import Request.
  Time since last request: 0.242462 seconds.
  path: Assets/IgnorePushing/Toony Tiny Assets/models/extras/projectiles/Arrow_A.FBX
  artifactKey: Guid(aa6419f48f4fbc84c9ec864a8468f57e) Importer(2089858483,192608db42251d675da83286b1cce702)
Start importing Assets/IgnorePushing/Toony Tiny Assets/models/extras/projectiles/Arrow_A.FBX using Guid(aa6419f48f4fbc84c9ec864a8468f57e) Importer(2089858483,192608db42251d675da83286b1cce702) (ScriptedImporter) -> (artifact id: 'f4375b604c971d1d857c238d38cdd00d') in 0.0163208 seconds
Number of updated asset objects reloaded before import = 0Number of asset objects unloaded after import = 8

========================================================================
Received Import Request.
  Time since last request: 0.000379 seconds.
  path: Assets/IgnorePushing/Toony Tiny Assets/models/extras/weapons/w_bardiche.FBX
  artifactKey: Guid(da784d75665d0804584991896a661ea5) Importer(2089858483,192608db42251d675da83286b1cce702)
Start importing Assets/IgnorePushing/Toony Tiny Assets/models/extras/weapons/w_bardiche.FBX using Guid(da784d75665d0804584991896a661ea5) Importer(2089858483,192608db42251d675da83286b1cce702) (ScriptedImporter) -> (artifact id: '0ad4b7f5714ba669d9aeb2df34f61291') in 0.0207812 seconds
Number of updated asset objects reloaded before import = 0Number of asset objects unloaded after import = 8

========================================================================
Received Import Request.
  Time since last request: 0.000527 seconds.
  path: Assets/IgnorePushing/Toony Tiny Assets/models/extras/weapons/w_cav_lance_B.FBX
  artifactKey: Guid(822dc3439816bae44a5adb5bf72367c8) Importer(2089858483,192608db42251d675da83286b1cce702)
Start importing Assets/IgnorePushing/Toony Tiny Assets/models/extras/weapons/w_cav_lance_B.FBX using Guid(822dc3439816bae44a5adb5bf72367c8) Importer(2089858483,192608db42251d675da83286b1cce702) (ScriptedImporter) -> (artifact id: '902284e483ba34ce6beec1f158e1936f') in 0.0206059 seconds
Number of updated asset objects reloaded before import = 0Number of asset objects unloaded after import = 8

========================================================================
Received Import Request.
  Time since last request: 0.000015 seconds.
  path: Assets/IgnorePushing/Toony Tiny Assets/models/extras/weapons/shield_07.FBX
  artifactKey: Guid(5e4a24739b3e2694097dc27d183f12ff) Importer(2089858483,192608db42251d675da83286b1cce702)
Start importing Assets/IgnorePushing/Toony Tiny Assets/models/extras/weapons/shield_07.FBX using Guid(5e4a24739b3e2694097dc27d183f12ff) Importer(2089858483,192608db42251d675da83286b1cce702) (ScriptedImporter) -> (artifact id: 'c1d0987619999fcb2eda1c36b7620b1d') in 0.0190621 seconds
Number of updated asset objects reloaded before import = 0Number of asset objects unloaded after import = 8

========================================================================
Received Import Request.
  Time since last request: 0.000010 seconds.
  path: Assets/IgnorePushing/Toony Tiny Assets/models/extras/weapons/w_TH_Axe_B.FBX
  artifactKey: Guid(159f18e544a015f409548520ac6ae651) Importer(2089858483,192608db42251d675da83286b1cce702)
Start importing Assets/IgnorePushing/Toony Tiny Assets/models/extras/weapons/w_TH_Axe_B.FBX using Guid(159f18e544a015f409548520ac6ae651) Importer(2089858483,192608db42251d675da83286b1cce702) (ScriptedImporter) -> (artifact id: '861d99c139c3d77efc20ea0f2a83ed74') in 0.014727 seconds
Number of updated asset objects reloaded before import = 0Number of asset objects unloaded after import = 8

========================================================================
Received Import Request.
  Time since last request: 0.000197 seconds.
  path: Assets/IgnorePushing/Toony Tiny Assets/models/extras/weapons/w_TH_sword.FBX
  artifactKey: Guid(17bfb6b0b5f721143a5a6a80cd50a153) Importer(2089858483,192608db42251d675da83286b1cce702)
Start importing Assets/IgnorePushing/Toony Tiny Assets/models/extras/weapons/w_TH_sword.FBX using Guid(17bfb6b0b5f721143a5a6a80cd50a153) Importer(2089858483,192608db42251d675da83286b1cce702) (ScriptedImporter) -> (artifact id: 'ad9951a1644aa4d56e352dd6356ba5c3') in 0.0212316 seconds
Number of updated asset objects reloaded before import = 0Number of asset objects unloaded after import = 8

========================================================================
Received Import Request.
  Time since last request: 0.000018 seconds.
  path: Assets/IgnorePushing/Toony Tiny Assets/models/extras/weapons/shield_04.FBX
  artifactKey: Guid(e5d86668bd13f2b428e394f7f51d482a) Importer(2089858483,192608db42251d675da83286b1cce702)
Start importing Assets/IgnorePushing/Toony Tiny Assets/models/extras/weapons/shield_04.FBX using Guid(e5d86668bd13f2b428e394f7f51d482a) Importer(2089858483,192608db42251d675da83286b1cce702) (ScriptedImporter) -> (artifact id: '5e7db63888a86f87522086321c2f2db0') in 0.0176392 seconds
Number of updated asset objects reloaded before import = 0Number of asset objects unloaded after import = 8

========================================================================
Received Import Request.
  Time since last request: 0.000023 seconds.
  path: Assets/IgnorePushing/Toony Tiny Assets/models/extras/weapons/shield_06.FBX
  artifactKey: Guid(b04f4cb27c7d59749813740dedc3a7e4) Importer(2089858483,192608db42251d675da83286b1cce702)
Start importing Assets/IgnorePushing/Toony Tiny Assets/models/extras/weapons/shield_06.FBX using Guid(b04f4cb27c7d59749813740dedc3a7e4) Importer(2089858483,192608db42251d675da83286b1cce702) (ScriptedImporter) -> (artifact id: 'fd818a24c4f919bec48f9018bcfb0f89') in 0.0159542 seconds
Number of updated asset objects reloaded before import = 0Number of asset objects unloaded after import = 8

========================================================================
Received Import Request.
  Time since last request: 0.000021 seconds.
  path: Assets/IgnorePushing/Toony Tiny Assets/models/extras/weapons/w_dagger_C.FBX
  artifactKey: Guid(5110c1c53668a7341a22f739b18d0cdf) Importer(2089858483,192608db42251d675da83286b1cce702)
Start importing Assets/IgnorePushing/Toony Tiny Assets/models/extras/weapons/w_dagger_C.FBX using Guid(5110c1c53668a7341a22f739b18d0cdf) Importer(2089858483,192608db42251d675da83286b1cce702) (ScriptedImporter) -> (artifact id: 'e5603425cadf47c474f683e9a33b8aad') in 0.0176975 seconds
Number of updated asset objects reloaded before import = 0Number of asset objects unloaded after import = 8

========================================================================
Received Import Request.
  Time since last request: 0.000017 seconds.
  path: Assets/IgnorePushing/Toony Tiny Assets/models/extras/weapons/shield_05.FBX
  artifactKey: Guid(777b6949a30c2454c9bec02600a026e7) Importer(2089858483,192608db42251d675da83286b1cce702)
Start importing Assets/IgnorePushing/Toony Tiny Assets/models/extras/weapons/shield_05.FBX using Guid(777b6949a30c2454c9bec02600a026e7) Importer(2089858483,192608db42251d675da83286b1cce702) (ScriptedImporter) -> (artifact id: 'eb33ce221b9644823ec9dad54fa9341f') in 0.0183973 seconds
Number of updated asset objects reloaded before import = 0Number of asset objects unloaded after import = 8

========================================================================
Received Import Request.
  Time since last request: 0.000013 seconds.
  path: Assets/IgnorePushing/Toony Tiny Assets/models/extras/weapons/shield_23.FBX
  artifactKey: Guid(7d1d279ec7c561c4b8fcd9a601f3b166) Importer(2089858483,192608db42251d675da83286b1cce702)
Start importing Assets/IgnorePushing/Toony Tiny Assets/models/extras/weapons/shield_23.FBX using Guid(7d1d279ec7c561c4b8fcd9a601f3b166) Importer(2089858483,192608db42251d675da83286b1cce702) (ScriptedImporter) -> (artifact id: 'c799cb32eef71636d1f710e9e3b3a1d9') in 0.015312 seconds
Number of updated asset objects reloaded before import = 0Number of asset objects unloaded after import = 8

========================================================================
Received Import Request.
  Time since last request: 0.000020 seconds.
  path: Assets/IgnorePushing/Toony Tiny Assets/models/extras/weapons/shield_13.FBX
  artifactKey: Guid(1b6c3810a2fe76c45b0431af09429fd7) Importer(2089858483,192608db42251d675da83286b1cce702)
Start importing Assets/IgnorePushing/Toony Tiny Assets/models/extras/weapons/shield_13.FBX using Guid(1b6c3810a2fe76c45b0431af09429fd7) Importer(2089858483,192608db42251d675da83286b1cce702) (ScriptedImporter) -> (artifact id: 'f0aeedf679aafdb878944f3618d99950') in 0.0226396 seconds
Number of updated asset objects reloaded before import = 0Number of asset objects unloaded after import = 8

========================================================================
Received Import Request.
  Time since last request: 0.274857 seconds.
  path: Assets/IgnorePushing/Toony Tiny Assets/models/extras/banners/animation/banner_idle_B.FBX
  artifactKey: Guid(f4525da4be91bb24982ded601f52afa7) Importer(2089858483,192608db42251d675da83286b1cce702)
Start importing Assets/IgnorePushing/Toony Tiny Assets/models/extras/banners/animation/banner_idle_B.FBX using Guid(f4525da4be91bb24982ded601f52afa7) Importer(2089858483,192608db42251d675da83286b1cce702) (ScriptedImporter) -> (artifact id: 'bdf2e12ed7e07bad85944acda46424e3') in 0.0306528 seconds
Number of updated asset objects reloaded before import = 0Number of asset objects unloaded after import = 15

========================================================================
Received Import Request.
  Time since last request: 0.000389 seconds.
  path: Assets/IgnorePushing/Toony Tiny Assets/models/materials/color/Units/Textures/TT_RTS_Units_brown.tga
  artifactKey: Guid(83d34ce4a060b114aa5b8703cde1556f) Importer(2089858483,192608db42251d675da83286b1cce702)
Start importing Assets/IgnorePushing/Toony Tiny Assets/models/materials/color/Units/Textures/TT_RTS_Units_brown.tga using Guid(83d34ce4a060b114aa5b8703cde1556f) Importer(2089858483,192608db42251d675da83286b1cce702) (ScriptedImporter) -> (artifact id: '1e195b8a88874c3ad8bbe3030fa8a5b6') in 0.0435934 seconds
Number of updated asset objects reloaded before import = 0Number of asset objects unloaded after import = 1

========================================================================
Received Import Request.
  Time since last request: 0.000232 seconds.
  path: Assets/IgnorePushing/Toony Tiny Assets/models/extras/banners/materials/colors/TT_RTS_Banner_White.tga
  artifactKey: Guid(a788e0d8b03c71443ac9fddbac8608fd) Importer(2089858483,192608db42251d675da83286b1cce702)
Start importing Assets/IgnorePushing/Toony Tiny Assets/models/extras/banners/materials/colors/TT_RTS_Banner_White.tga using Guid(a788e0d8b03c71443ac9fddbac8608fd) Importer(2089858483,192608db42251d675da83286b1cce702) (ScriptedImporter) -> (artifact id: '751dd423afe8918a3fd92e90387ca1ee') in 0.0163127 seconds
Number of updated asset objects reloaded before import = 0Number of asset objects unloaded after import = 1

========================================================================
Received Import Request.
  Time since last request: 0.000216 seconds.
  path: Assets/IgnorePushing/Toony Tiny Assets/models/extras/banners/materials/colors/TT_Banner_blue_B.mat
  artifactKey: Guid(e8077999935278e4caabc0d0be1484c5) Importer(2089858483,192608db42251d675da83286b1cce702)
Start importing Assets/IgnorePushing/Toony Tiny Assets/models/extras/banners/materials/colors/TT_Banner_blue_B.mat using Guid(e8077999935278e4caabc0d0be1484c5) Importer(2089858483,192608db42251d675da83286b1cce702) (ScriptedImporter) -> (artifact id: 'f1a02b06c49736989f335c706d6eb10b') in 0.0192892 seconds
Number of updated asset objects reloaded before import = 0Number of asset objects unloaded after import = 2

========================================================================
Received Import Request.
  Time since last request: 0.000018 seconds.
  path: Assets/IgnorePushing/Toony Tiny Assets/models/materials/color/Units/TT_RTS_Units_black.mat
  artifactKey: Guid(54f19161a54e56442a8dd7f6239fc93b) Importer(2089858483,192608db42251d675da83286b1cce702)
Start importing Assets/IgnorePushing/Toony Tiny Assets/models/materials/color/Units/TT_RTS_Units_black.mat using Guid(54f19161a54e56442a8dd7f6239fc93b) Importer(2089858483,192608db42251d675da83286b1cce702) (ScriptedImporter) -> (artifact id: '0810eb91095c3376582383d906bda873') in 0.0128014 seconds
Number of updated asset objects reloaded before import = 0Number of asset objects unloaded after import = 2

========================================================================
Received Import Request.
  Time since last request: 0.000015 seconds.
  path: Assets/IgnorePushing/Toony Tiny Assets/models/extras/banners/materials/colors/TT_Banner_blue_A.mat
  artifactKey: Guid(f806521b69283c046a40f43fa2679d40) Importer(2089858483,192608db42251d675da83286b1cce702)
Start importing Assets/IgnorePushing/Toony Tiny Assets/models/extras/banners/materials/colors/TT_Banner_blue_A.mat using Guid(f806521b69283c046a40f43fa2679d40) Importer(2089858483,192608db42251d675da83286b1cce702) (ScriptedImporter) -> (artifact id: 'c40ab988255a37d16a37bb04bfa254ab') in 0.0119033 seconds
Number of updated asset objects reloaded before import = 0Number of asset objects unloaded after import = 2

========================================================================
Received Import Request.
  Time since last request: 0.000033 seconds.
  path: Assets/IgnorePushing/Toony Tiny Assets/models/materials/color/Buildings/TT_RTS_buildings_pink.mat
  artifactKey: Guid(9d0174ac4f9a2a8418640e7cc75bed39) Importer(2089858483,192608db42251d675da83286b1cce702)
Start importing Assets/IgnorePushing/Toony Tiny Assets/models/materials/color/Buildings/TT_RTS_buildings_pink.mat using Guid(9d0174ac4f9a2a8418640e7cc75bed39) Importer(2089858483,192608db42251d675da83286b1cce702) (ScriptedImporter) -> (artifact id: '03ddf026450ee10a25db7e19a44b2a90') in 0.0110649 seconds
Number of updated asset objects reloaded before import = 0Number of asset objects unloaded after import = 2

========================================================================
Received Import Request.
  Time since last request: 0.000020 seconds.
  path: Assets/IgnorePushing/Toony Tiny Assets/models/materials/color/Buildings/TT_RTS_buildings_white.mat
  artifactKey: Guid(0c68c1882ddd40b4ebf2fa7eae477af0) Importer(2089858483,192608db42251d675da83286b1cce702)
Start importing Assets/IgnorePushing/Toony Tiny Assets/models/materials/color/Buildings/TT_RTS_buildings_white.mat using Guid(0c68c1882ddd40b4ebf2fa7eae477af0) Importer(2089858483,192608db42251d675da83286b1cce702) (ScriptedImporter) -> (artifact id: 'db3e02e0f7d98d5acd4cc600e3d5f4e3') in 0.0135412 seconds
Number of updated asset objects reloaded before import = 0Number of asset objects unloaded after import = 2

========================================================================
Received Prepare
Refreshing native plugins compatible for Editor in 0.99 ms, found 3 plugins.
Preloading 0 native plugins for Editor in 0.00 ms.
Unloading 0 Unused Serialized files (Serialized files now loaded: 0)
Unloading 3697 unused Assets / (0.8 MB). Loaded Objects now: 4197.
Memory consumption went from 82.9 MB to 82.0 MB.
Total: 3.833800 ms (FindLiveObjects: 0.226300 ms CreateObjectMapping: 0.107200 ms MarkObjects: 2.884600 ms  DeleteObjects: 0.615000 ms)

Prepare: number of updated asset objects reloaded= 0
========================================================================
Received Prepare
Begin MonoManager ReloadAssembly
- Loaded All Assemblies, in  0.547 seconds
Refreshing native plugins compatible for Editor in 1.45 ms, found 3 plugins.
Native extension for Android target not found
Native extension for WindowsStandalone target not found
Mono: successfully reloaded assembly
- Finished resetting the current domain, in  0.490 seconds
Domain Reload Profiling: 1037ms
	BeginReloadAssembly (166ms)
		ExecutionOrderSort (0ms)
		DisableScriptedObjects (5ms)
		BackupInstance (0ms)
		ReleaseScriptingObjects (0ms)
		CreateAndSetChildDomain (41ms)
	RebuildCommonClasses (30ms)
	RebuildNativeTypeToScriptingClass (8ms)
	initialDomainReloadingComplete (19ms)
	LoadAllAssembliesAndSetupDomain (323ms)
		LoadAssemblies (268ms)
		RebuildTransferFunctionScriptingTraits (0ms)
		AnalyzeDomain (140ms)
			TypeCache.Refresh (9ms)
				TypeCache.ScanAssembly (0ms)
			BuildScriptInfoCaches (121ms)
			ResolveRequiredComponents (6ms)
	FinalizeReload (491ms)
		ReleaseScriptCaches (0ms)
		RebuildScriptCaches (0ms)
		SetupLoadedEditorAssemblies (368ms)
			LogAssemblyErrors (0ms)
			InitializePlatformSupportModulesInManaged (9ms)
			SetLoadedEditorAssemblies (3ms)
			BeforeProcessingInitializeOnLoad (88ms)
			ProcessInitializeOnLoadAttributes (245ms)
			ProcessInitializeOnLoadMethodAttributes (16ms)
			AfterProcessingInitializeOnLoad (6ms)
			EditorAssembliesLoaded (0ms)
		ExecutionOrderSort2 (0ms)
		AwakeInstancesAfterBackupRestoration (4ms)
Refreshing native plugins compatible for Editor in 1.12 ms, found 3 plugins.
Preloading 0 native plugins for Editor in 0.00 ms.
Unloading 1 Unused Serialized files (Serialized files now loaded: 0)
Unloading 3704 unused Assets / (0.8 MB). Loaded Objects now: 4198.
Memory consumption went from 84.1 MB to 83.3 MB.
Total: 3.783500 ms (FindLiveObjects: 0.250700 ms CreateObjectMapping: 0.114200 ms MarkObjects: 2.747500 ms  DeleteObjects: 0.670400 ms)

Prepare: number of updated asset objects reloaded= 0
========================================================================
Received Prepare
Refreshing native plugins compatible for Editor in 1.25 ms, found 3 plugins.
Preloading 0 native plugins for Editor in 0.00 ms.
Unloading 0 Unused Serialized files (Serialized files now loaded: 0)
Unloading 3697 unused Assets / (1.0 MB). Loaded Objects now: 4198.
Memory consumption went from 84.2 MB to 83.2 MB.
Total: 3.774800 ms (FindLiveObjects: 0.329100 ms CreateObjectMapping: 0.103000 ms MarkObjects: 2.674200 ms  DeleteObjects: 0.667900 ms)

Prepare: number of updated asset objects reloaded= 1
========================================================================
Received Prepare
Begin MonoManager ReloadAssembly
- Loaded All Assemblies, in  0.453 seconds
Refreshing native plugins compatible for Editor in 0.91 ms, found 3 plugins.
Native extension for Android target not found
Native extension for WindowsStandalone target not found
Mono: successfully reloaded assembly
- Finished resetting the current domain, in  0.374 seconds
Domain Reload Profiling: 826ms
	BeginReloadAssembly (136ms)
		ExecutionOrderSort (0ms)
		DisableScriptedObjects (4ms)
		BackupInstance (0ms)
		ReleaseScriptingObjects (0ms)
		CreateAndSetChildDomain (30ms)
	RebuildCommonClasses (28ms)
	RebuildNativeTypeToScriptingClass (8ms)
	initialDomainReloadingComplete (20ms)
	LoadAllAssembliesAndSetupDomain (261ms)
		LoadAssemblies (221ms)
		RebuildTransferFunctionScriptingTraits (0ms)
		AnalyzeDomain (112ms)
			TypeCache.Refresh (6ms)
				TypeCache.ScanAssembly (0ms)
			BuildScriptInfoCaches (100ms)
			ResolveRequiredComponents (3ms)
	FinalizeReload (374ms)
		ReleaseScriptCaches (0ms)
		RebuildScriptCaches (0ms)
		SetupLoadedEditorAssemblies (295ms)
			LogAssemblyErrors (0ms)
			InitializePlatformSupportModulesInManaged (8ms)
			SetLoadedEditorAssemblies (3ms)
			BeforeProcessingInitializeOnLoad (64ms)
			ProcessInitializeOnLoadAttributes (199ms)
			ProcessInitializeOnLoadMethodAttributes (16ms)
			AfterProcessingInitializeOnLoad (6ms)
			EditorAssembliesLoaded (0ms)
		ExecutionOrderSort2 (0ms)
		AwakeInstancesAfterBackupRestoration (5ms)
Refreshing native plugins compatible for Editor in 0.97 ms, found 3 plugins.
Preloading 0 native plugins for Editor in 0.00 ms.
Unloading 0 Unused Serialized files (Serialized files now loaded: 0)
Unloading 3704 unused Assets / (0.9 MB). Loaded Objects now: 4198.
Memory consumption went from 84.0 MB to 83.1 MB.
Total: 3.861900 ms (FindLiveObjects: 0.218500 ms CreateObjectMapping: 0.106500 ms MarkObjects: 2.951900 ms  DeleteObjects: 0.584200 ms)

Prepare: number of updated asset objects reloaded= 0
Editor requested this worker to shutdown with reason: Scaling down because of idle timeout
AssetImportWorker is now disconnected from the server
Process exiting
Exiting without the bug reporter. Application will terminate with return code 0